  ReminderApp.cpp
  reminders.cpp
C:\Users\ishel\Desktop\定时提醒\ReminderApp\reminders.cpp(45,32): error C4996: 'localtime': This function or variable may be unsafe. Consider using localtime_s instead. To disable deprecation, use _CRT_SECURE_NO_WARNINGS. See online help for details.
  tray_icon.cpp
C:\Users\ishel\Desktop\定时提醒\ReminderApp\tray_icon.cpp(27,24): error C2440: “=”: 无法从“const char [8]”转换为“LPCWSTR”
      C:\Users\ishel\Desktop\定时提醒\ReminderApp\tray_icon.cpp(27,24):
      指向的类型不相关; 转换需要 reinterpret_cast、C 样式强制转换或带圆括号的函数样式强制转换
  
C:\Users\ishel\Desktop\定时提醒\ReminderApp\tray_icon.cpp(32,17): error C2664: “HWND CreateWindowExW(DWORD,LPCWSTR,LPCWSTR,DWORD,int,int,int,int,HWND,HMENU,HINSTANCE,LPVOID)”: 无法将参数 2 从“const char [8]”转换为“LPCWSTR”
      C:\Users\ishel\Desktop\定时提醒\ReminderApp\tray_icon.cpp(32,35):
      指向的类型不相关; 转换需要 reinterpret_cast、C 样式强制转换或带圆括号的函数样式强制转换
      C:\Program Files (x86)\Windows Kits\10\Include\10.0.22621.0\um\winuser.h(4437,1):
      参见“CreateWindowExW”的声明
      C:\Users\ishel\Desktop\定时提醒\ReminderApp\tray_icon.cpp(32,17):
      尝试匹配参数列表“(int, const char [8], const char [17], int, int, int, int, int, int, int, HINSTANCE, int)”时
  
C:\Users\ishel\Desktop\定时提醒\ReminderApp\tray_icon.cpp(42,5): error C2660: “strcpy_s”: 函数不接受 2 个参数
      C:\Program Files (x86)\Windows Kits\10\Include\10.0.22621.0\ucrt\string.h(32,30):
      参见“strcpy_s”的声明
      C:\Program Files (x86)\Windows Kits\10\Include\10.0.22621.0\ucrt\string.h(124,1):
      可能是“errno_t strcpy_s(char (&)[_Size],const char *) throw()”
          C:\Users\ishel\Desktop\定时提醒\ReminderApp\tray_icon.cpp(42,5):
          “errno_t strcpy_s(char (&)[_Size],const char *) throw()”: 无法从“WCHAR [128]”推导出“char (&)[_Size]”的 模板 参数
      C:\Users\ishel\Desktop\定时提醒\ReminderApp\tray_icon.cpp(42,5):
      尝试匹配参数列表“(WCHAR [128], const char [13])”时
  
C:\Users\ishel\Desktop\定时提醒\ReminderApp\tray_icon.cpp(48,5): error C2664: “BOOL AppendMenuW(HMENU,UINT,UINT_PTR,LPCWSTR)”: 无法将参数 4 从“const char [5]”转换为“LPCWSTR”
      C:\Users\ishel\Desktop\定时提醒\ReminderApp\tray_icon.cpp(48,37):
      指向的类型不相关; 转换需要 reinterpret_cast、C 样式强制转换或带圆括号的函数样式强制转换
      C:\Program Files (x86)\Windows Kits\10\Include\10.0.22621.0\um\winuser.h(7632,1):
      参见“AppendMenuW”的声明
      C:\Users\ishel\Desktop\定时提醒\ReminderApp\tray_icon.cpp(48,5):
      尝试匹配参数列表“(HMENU, long, int, const char [5])”时
  
  正在生成代码...
